{"contracts/TestVault.sol":{"l":{"29":37,"30":36,"35":13,"37":13,"38":13,"39":12,"40":12,"41":12,"43":12,"44":12,"46":1,"48":13,"53":4,"54":4,"56":3,"58":3,"60":2,"62":2,"63":2,"68":1,"69":1,"70":5,"72":5,"73":2,"74":2,"76":1,"80":1},"path":"/Volumes/WORK/Google/Balance/Test/contracts/TestVault.sol","s":{"1":37,"2":13,"3":13,"4":13,"5":12,"6":12,"7":13,"8":4,"9":4,"10":3,"11":3,"12":2,"13":2,"14":1,"15":1,"16":5,"17":5,"18":3,"19":1},"b":{"1":[36,1],"2":[13,0],"3":[12,1],"4":[4,0],"5":[3,1],"6":[2,1],"7":[2,3],"8":[1,2]},"f":{"1":37,"2":13,"3":4,"4":1},"fnMap":{"1":{"name":"constructor","line":28,"loc":{"start":{"line":28,"column":4},"end":{"line":31,"column":4}}},"2":{"name":"Deposit","line":34,"loc":{"start":{"line":34,"column":4},"end":{"line":49,"column":4}}},"3":{"name":"Withdraw","line":52,"loc":{"start":{"line":52,"column":4},"end":{"line":64,"column":4}}},"4":{"name":"highestUsers","line":67,"loc":{"start":{"line":67,"column":4},"end":{"line":81,"column":4}}}},"statementMap":{"1":{"start":{"line":29,"column":8},"end":{"line":29,"column":55}},"2":{"start":{"line":35,"column":8},"end":{"line":35,"column":74}},"3":{"start":{"line":37,"column":8},"end":{"line":37,"column":44}},"4":{"start":{"line":38,"column":8},"end":{"line":38,"column":1007}},"5":{"start":{"line":39,"column":12},"end":{"line":39,"column":29}},"6":{"start":{"line":43,"column":12},"end":{"line":43,"column":28}},"7":{"start":{"line":48,"column":8},"end":{"line":48,"column":42}},"8":{"start":{"line":53,"column":8},"end":{"line":53,"column":44}},"9":{"start":{"line":54,"column":8},"end":{"line":54,"column":53}},"10":{"start":{"line":56,"column":8},"end":{"line":56,"column":46}},"11":{"start":{"line":58,"column":8},"end":{"line":58,"column":70}},"12":{"start":{"line":62,"column":8},"end":{"line":62,"column":55}},"13":{"start":{"line":63,"column":8},"end":{"line":63,"column":42}},"14":{"start":{"line":68,"column":8},"end":{"line":68,"column":30}},"15":{"start":{"line":69,"column":8},"end":{"line":69,"column":1952}},"16":{"start":{"line":70,"column":12},"end":{"line":70,"column":39}},"17":{"start":{"line":72,"column":12},"end":{"line":72,"column":2055}},"18":{"start":{"line":75,"column":19},"end":{"line":75,"column":2189}},"19":{"start":{"line":80,"column":8},"end":{"line":80,"column":49}}},"branchMap":{"1":{"line":29,"type":"if","locations":[{"start":{"line":29,"column":8},"end":{"line":29,"column":8}},{"start":{"line":29,"column":8},"end":{"line":29,"column":8}}]},"2":{"line":34,"type":"if","locations":[{"start":{"line":34,"column":46},"end":{"line":34,"column":46}},{"start":{"line":34,"column":46},"end":{"line":34,"column":46}}]},"3":{"line":38,"type":"if","locations":[{"start":{"line":38,"column":8},"end":{"line":38,"column":8}},{"start":{"line":38,"column":8},"end":{"line":38,"column":8}}]},"4":{"line":52,"type":"if","locations":[{"start":{"line":52,"column":47},"end":{"line":52,"column":47}},{"start":{"line":52,"column":47},"end":{"line":52,"column":47}}]},"5":{"line":54,"type":"if","locations":[{"start":{"line":54,"column":8},"end":{"line":54,"column":8}},{"start":{"line":54,"column":8},"end":{"line":54,"column":8}}]},"6":{"line":58,"type":"if","locations":[{"start":{"line":58,"column":8},"end":{"line":58,"column":8}},{"start":{"line":58,"column":8},"end":{"line":58,"column":8}}]},"7":{"line":72,"type":"if","locations":[{"start":{"line":72,"column":12},"end":{"line":72,"column":12}},{"start":{"line":72,"column":12},"end":{"line":72,"column":12}}]},"8":{"line":75,"type":"if","locations":[{"start":{"line":75,"column":19},"end":{"line":75,"column":19}},{"start":{"line":75,"column":19},"end":{"line":75,"column":19}}]}}},"contracts/VTK.sol":{"l":{"11":72},"path":"/Volumes/WORK/Google/Balance/Test/contracts/VTK.sol","s":{"1":72},"b":{"1":[72,0]},"f":{"1":36,"2":72},"fnMap":{"1":{"name":"constructor","line":7,"loc":{"start":{"line":7,"column":4},"end":{"line":7,"column":47}}},"2":{"name":"mint","line":10,"loc":{"start":{"line":10,"column":4},"end":{"line":12,"column":4}}}},"statementMap":{"1":{"start":{"line":11,"column":8},"end":{"line":11,"column":27}}},"branchMap":{"1":{"line":10,"type":"if","locations":[{"start":{"line":10,"column":58},"end":{"line":10,"column":58}},{"start":{"line":10,"column":58},"end":{"line":10,"column":58}}]}}}}