TN:
SF:/Volumes/WORK/Google/Balance/Test/contracts/TestVault.sol
FN:28,constructor
FN:34,Deposit
FN:52,Withdraw
FN:67,highestUsers
FNF:4
FNH:4
FNDA:37,constructor
FNDA:13,Deposit
FNDA:4,Withdraw
FNDA:1,highestUsers
DA:29,37
DA:30,36
DA:35,13
DA:37,13
DA:38,13
DA:39,12
DA:40,12
DA:41,12
DA:43,12
DA:44,12
DA:46,1
DA:48,13
DA:53,4
DA:54,4
DA:56,3
DA:58,3
DA:60,2
DA:62,2
DA:63,2
DA:68,1
DA:69,1
DA:70,5
DA:72,5
DA:73,2
DA:74,2
DA:76,1
DA:80,1
LF:27
LH:27
BRDA:29,1,0,36
BRDA:29,1,1,1
BRDA:34,2,0,13
BRDA:34,2,1,0
BRDA:38,3,0,12
BRDA:38,3,1,1
BRDA:52,4,0,4
BRDA:52,4,1,0
BRDA:54,5,0,3
BRDA:54,5,1,1
BRDA:58,6,0,2
BRDA:58,6,1,1
BRDA:72,7,0,2
BRDA:72,7,1,3
BRDA:75,8,0,1
BRDA:75,8,1,2
BRF:16
BRH:14
end_of_record
TN:
SF:/Volumes/WORK/Google/Balance/Test/contracts/VTK.sol
FN:7,constructor
FN:10,mint
FNF:2
FNH:2
FNDA:36,constructor
FNDA:72,mint
DA:11,72
LF:1
LH:1
BRDA:10,1,0,72
BRDA:10,1,1,0
BRF:2
BRH:1
end_of_record
